
*****************************************************************************
Started Program...

*****************************************************************************
Started Program...

*****************************************************************************
Started Program...

*****************************************************************************
Started Program...

Error 429 (ActiveX component can't create object) in procedure Form_init of Form addFolders
HelpContext = 1000429   Source = MyMovieManager
_______________________________________________________________

Error 429 (ActiveX component can't create object) in procedure updateFileList of Module updateFiles
HelpContext = 1000429   Source = MyMovieManager
_______________________________________________________________

Error 429 (ActiveX component can't create object) in procedure loadAllMovies of Module updateFiles
HelpContext = 1000429   Source = MyMovieManager
_______________________________________________________________

Error 9 (Subscript out of range) in procedure Genre_Populate of Form mainF
HelpContext = 1000009   Source = MyMovieManager
_______________________________________________________________

Error 9 (Subscript out of range) in procedure displayMovies of Form mainF
HelpContext = 1000009   Source = MyMovieManager
_______________________________________________________________

Error 402 (Must close or hide topmost modal form first) in procedure Form_Unload of Form mainF
HelpContext = 1000402   Source = MyMovieManager
_______________________________________________________________

Error 402 (Must close or hide topmost modal form first) in procedure Form_Unload of Form mainF
HelpContext = 1000402   Source = MyMovieManager
_______________________________________________________________

Error 402 (Must close or hide topmost modal form first) in procedure Form_Unload of Form mainF
HelpContext = 1000402   Source = MyMovieManager
_______________________________________________________________

Error 402 (Must close or hide topmost modal form first) in procedure Form_Unload of Form mainF
HelpContext = 1000402   Source = MyMovieManager
_______________________________________________________________

Error 402 (Must close or hide topmost modal form first) in procedure Form_Unload of Form mainF
HelpContext = 1000402   Source = MyMovieManager
_______________________________________________________________

Error 402 (Must close or hide topmost modal form first) in procedure Form_Unload of Form mainF
HelpContext = 1000402   Source = MyMovieManager
_______________________________________________________________

Error 402 (Must close or hide topmost modal form first) in procedure Form_Unload of Form mainF
HelpContext = 1000402   Source = MyMovieManager
_______________________________________________________________

*****************************************************************************
Started Program...

Error 429 (ActiveX component can't create object) in procedure Form_init of Form addFolders
HelpContext = 1000429   Source = MyMovieManager
_______________________________________________________________

Error 429 (ActiveX component can't create object) in procedure updateFileList of Module updateFiles
HelpContext = 1000429   Source = MyMovieManager
_______________________________________________________________

Error 429 (ActiveX component can't create object) in procedure loadAllMovies of Module updateFiles
HelpContext = 1000429   Source = MyMovieManager
_______________________________________________________________

Error 9 (Subscript out of range) in procedure Genre_Populate of Form mainF
HelpContext = 1000009   Source = MyMovieManager
_______________________________________________________________

Error 9 (Subscript out of range) in procedure displayMovies of Form mainF
HelpContext = 1000009   Source = MyMovieManager
_______________________________________________________________

Error 401 (Can't show non-modal form when modal form is displayed) in procedure Timer1_Timer of Form createDB
HelpContext = 1000401   Source = MyMovieManager
_______________________________________________________________

*****************************************************************************
Started Program...

Error 429 (ActiveX component can't create object) in procedure Form_init of Form addFolders
HelpContext = 1000429   Source = MyMovieManager
_______________________________________________________________

Error 429 (ActiveX component can't create object) in procedure updateFileList of Module updateFiles
HelpContext = 1000429   Source = MyMovieManager
_______________________________________________________________

Error 429 (ActiveX component can't create object) in procedure loadAllMovies of Module updateFiles
HelpContext = 1000429   Source = MyMovieManager
_______________________________________________________________

Error 9 (Subscript out of range) in procedure Genre_Populate of Form mainF
HelpContext = 1000009   Source = MyMovieManager
_______________________________________________________________

Error 9 (Subscript out of range) in procedure displayMovies of Form mainF
HelpContext = 1000009   Source = MyMovieManager
_______________________________________________________________

Error 9 (Subscript out of range) in procedure Form_Unload of Form Fwizard
HelpContext = 1000009   Source = MyMovieManager
_______________________________________________________________

Error 9 (Subscript out of range) in procedure Form_Unload of Form mainF
HelpContext = 1000009   Source = MyMovieManager
_______________________________________________________________

*****************************************************************************
Started Program...

Error 429 (ActiveX component can't create object) in procedure Form_init of Form addFolders
HelpContext = 1000429   Source = MyMovieManager
_______________________________________________________________

Error 429 (ActiveX component can't create object) in procedure updateFileList of Module updateFiles
HelpContext = 1000429   Source = MyMovieManager
_______________________________________________________________

Error 429 (ActiveX component can't create object) in procedure loadAllMovies of Module updateFiles
HelpContext = 1000429   Source = MyMovieManager
_______________________________________________________________

Error 9 (Subscript out of range) in procedure Genre_Populate of Form mainF
HelpContext = 1000009   Source = MyMovieManager
_______________________________________________________________

Error 9 (Subscript out of range) in procedure displayMovies of Form mainF
HelpContext = 1000009   Source = MyMovieManager
_______________________________________________________________

Error 401 (Can't show non-modal form when modal form is displayed) in procedure Timer1_Timer of Form createDB
HelpContext = 1000401   Source = MyMovieManager
_______________________________________________________________

Error 9 (Subscript out of range) in procedure Form_Unload of Form Fwizard
HelpContext = 1000009   Source = MyMovieManager
_______________________________________________________________

*****************************************************************************
Started Program...

Error 429 (ActiveX component can't create object) in procedure Form_init of Form addFolders
HelpContext = 1000429   Source = MyMovieManager
_______________________________________________________________

Error 429 (ActiveX component can't create object) in procedure updateFileList of Module updateFiles
HelpContext = 1000429   Source = MyMovieManager
_______________________________________________________________

Error 429 (ActiveX component can't create object) in procedure loadAllMovies of Module updateFiles
HelpContext = 1000429   Source = MyMovieManager
_______________________________________________________________

Error 9 (Subscript out of range) in procedure Genre_Populate of Form mainF
HelpContext = 1000009   Source = MyMovieManager
_______________________________________________________________

Error 9 (Subscript out of range) in procedure displayMovies of Form mainF
HelpContext = 1000009   Source = MyMovieManager
_______________________________________________________________

Error 401 (Can't show non-modal form when modal form is displayed) in procedure Timer1_Timer of Form createDB
HelpContext = 1000401   Source = MyMovieManager
_______________________________________________________________

Error 9 (Subscript out of range) in procedure Form_Unload of Form Fwizard
HelpContext = 1000009   Source = MyMovieManager
_______________________________________________________________

*****************************************************************************
Started Program...

*****************************************************************************
Started Program...
